Start testing: Oct 28 17:40 Hora oficial do Brasil
----------------------------------------------------------
1/1 Testing: CalculadoraTest
1/1 Test: CalculadoraTest
Command: "C:/Users/GERSON BARBIERI/Documents/GitHub/atividade_teste/build/Debug/tests.exe"
Directory: C:/Users/GERSON BARBIERI/Documents/GitHub/atividade_teste/build
"CalculadoraTest" start time: Oct 28 17:40 Hora oficial do Brasil
Output:
----------------------------------------------------------
Running main() from C:\Users\GERSON BARBIERI\Documents\GitHub\atividade_teste\googletest\googletest\src\gtest_main.cc
[==========] Running 8 tests from 1 test suite.
[----------] Global test environment set-up.
[----------] 8 tests from CalculadoraTest
[ RUN      ] CalculadoraTest.Soma
[       OK ] CalculadoraTest.Soma (0 ms)
[ RUN      ] CalculadoraTest.Subtracao
[       OK ] CalculadoraTest.Subtracao (0 ms)
[ RUN      ] CalculadoraTest.Multiplicacao
[       OK ] CalculadoraTest.Multiplicacao (0 ms)
[ RUN      ] CalculadoraTest.Divisao
[       OK ] CalculadoraTest.Divisao (0 ms)
[ RUN      ] CalculadoraTest.DivisaoPorZero
[       OK ] CalculadoraTest.DivisaoPorZero (0 ms)
[ RUN      ] CalculadoraTest.Potencia
[       OK ] CalculadoraTest.Potencia (1 ms)
[ RUN      ] CalculadoraTest.RaizQuadrada
[       OK ] CalculadoraTest.RaizQuadrada (0 ms)
[ RUN      ] CalculadoraTest.RaizDeNumeroNegativo
[       OK ] CalculadoraTest.RaizDeNumeroNegativo (0 ms)
[----------] 8 tests from CalculadoraTest (1 ms total)

[----------] Global test environment tear-down
[==========] 8 tests from 1 test suite ran. (4 ms total)
[  PASSED  ] 8 tests.
<end of output>
Test time =   0.15 sec
----------------------------------------------------------
Test Passed.
"CalculadoraTest" end time: Oct 28 17:40 Hora oficial do Brasil
"CalculadoraTest" time elapsed: 00:00:00
----------------------------------------------------------

End testing: Oct 28 17:40 Hora oficial do Brasil
